# JRE version: OpenJDK Runtime Environment (7.0_79-b14) (build 1.7.0_79-b14)
# Java VM: OpenJDK 64-Bit Server VM (24.79-b02 mixed mode linux-amd64 compressed oops)
Heap
 PSYoungGen      total 36864K, used 11085K [0x00007f3002080000, 0x00007f3005a00000, 0x00007f329cb80000)
  eden space 31744K, 22% used [0x00007f3002080000,0x00007f3002785ca8,0x00007f3003f80000)
  from space 5120K, 76% used [0x00007f3004480000,0x00007f300484d770,0x00007f3004980000)
  to   space 5120K, 0% used [0x00007f3003f80000,0x00007f3003f80000,0x00007f3004480000)
 ParOldGen       total 14666752K, used 14492949K [0x00007f2accb80000, 0x00007f2e4be80000, 0x00007f3002080000)
  object space 14666752K, 98% used [0x00007f2accb80000,0x00007f2e414c5698,0x00007f2e4be80000)
 PSPermGen       total 21504K, used 4817K [0x00007f2ac2580000, 0x00007f2ac3a80000, 0x00007f2accb80000)
  object space 21504K, 22% used [0x00007f2ac2580000,0x00007f2ac2a34630,0x00007f2ac3a80000)
GC Heap History (10 events):
Event: 0.792 GC heap before
{Heap before GC invocations=1 (full 0):
 PSYoungGen      total 36864K, used 31744K [0x00007f3002080000, 0x00007f3004980000, 0x00007f329cb80000)
  eden space 31744K, 100% used [0x00007f3002080000,0x00007f3003f80000,0x00007f3003f80000)
  from space 5120K, 0% used [0x00007f3004480000,0x00007f3004480000,0x00007f3004980000)
  to   space 5120K, 0% used [0x00007f3003f80000,0x00007f3003f80000,0x00007f3004480000)
 ParOldGen       total 2801152K, used 2716677K [0x00007f2accb80000, 0x00007f2b77b00000, 0x00007f3002080000)
  object space 2801152K, 96% used [0x00007f2accb80000,0x00007f2b72881550,0x00007f2b77b00000)
 PSPermGen       total 21504K, used 4019K [0x00007f2ac2580000, 0x00007f2ac3a80000, 0x00007f2accb80000)
  object space 21504K, 18% used [0x00007f2ac2580000,0x00007f2ac296cc88,0x00007f2ac3a80000)
Event: 0.797 GC heap after
Heap after GC invocations=1 (full 0):
 PSYoungGen      total 36864K, used 4093K [0x00007f3002080000, 0x00007f3004980000, 0x00007f329cb80000)
  eden space 31744K, 0% used [0x00007f3002080000,0x00007f3002080000,0x00007f3003f80000)
  from space 5120K, 79% used [0x00007f3003f80000,0x00007f300437f760,0x00007f3004480000)
  to   space 5120K, 0% used [0x00007f3004480000,0x00007f3004480000,0x00007f3004980000)
 ParOldGen       total 2801152K, used 2716677K [0x00007f2accb80000, 0x00007f2b77b00000, 0x00007f3002080000)
  object space 2801152K, 96% used [0x00007f2accb80000,0x00007f2b72881550,0x00007f2b77b00000)
 PSPermGen       total 21504K, used 4019K [0x00007f2ac2580000, 0x00007f2ac3a80000, 0x00007f2accb80000)
  object space 21504K, 18% used [0x00007f2ac2580000,0x00007f2ac296cc88,0x00007f2ac3a80000)
}
Event: 0.797 GC heap before
{Heap before GC invocations=2 (full 1):
 PSYoungGen      total 36864K, used 4093K [0x00007f3002080000, 0x00007f3004980000, 0x00007f329cb80000)
  eden space 31744K, 0% used [0x00007f3002080000,0x00007f3002080000,0x00007f3003f80000)
  from space 5120K, 79% used [0x00007f3003f80000,0x00007f300437f760,0x00007f3004480000)
  to   space 5120K, 0% used [0x00007f3004480000,0x00007f3004480000,0x00007f3004980000)
 ParOldGen       total 2801152K, used 2716677K [0x00007f2accb80000, 0x00007f2b77b00000, 0x00007f3002080000)
  object space 2801152K, 96% used [0x00007f2accb80000,0x00007f2b72881550,0x00007f2b77b00000)
 PSPermGen       total 21504K, used 4019K [0x00007f2ac2580000, 0x00007f2ac3a80000, 0x00007f2accb80000)
  object space 21504K, 18% used [0x00007f2ac2580000,0x00007f2ac296cc88,0x00007f2ac3a80000)
Event: 0.823 GC heap after
Heap after GC invocations=2 (full 1):
 PSYoungGen      total 36864K, used 0K [0x00007f3002080000, 0x00007f3004980000, 0x00007f329cb80000)
  eden space 31744K, 0% used [0x00007f3002080000,0x00007f3002080000,0x00007f3003f80000)
  from space 5120K, 0% used [0x00007f3003f80000,0x00007f3003f80000,0x00007f3004480000)
  to   space 5120K, 0% used [0x00007f3004480000,0x00007f3004480000,0x00007f3004980000)
 ParOldGen       total 2892288K, used 2720673K [0x00007f2accb80000, 0x00007f2b7d400000, 0x00007f3002080000)
  object space 2892288K, 94% used [0x00007f2accb80000,0x00007f2b72c684e8,0x00007f2b7d400000)
 PSPermGen       total 21504K, used 4018K [0x00007f2ac2580000, 0x00007f2ac3a80000, 0x00007f2accb80000)
  object space 21504K, 18% used [0x00007f2ac2580000,0x00007f2ac296c818,0x00007f2ac3a80000)
}
Event: 13.465 GC heap before
{Heap before GC invocations=3 (full 1):
 PSYoungGen      total 36864K, used 31744K [0x00007f3002080000, 0x00007f3004980000, 0x00007f329cb80000)
  eden space 31744K, 100% used [0x00007f3002080000,0x00007f3003f80000,0x00007f3003f80000)
  from space 5120K, 0% used [0x00007f3003f80000,0x00007f3003f80000,0x00007f3004480000)
  to   space 5120K, 0% used [0x00007f3004480000,0x00007f3004480000,0x00007f3004980000)
 ParOldGen       total 6515200K, used 6342909K [0x00007f2accb80000, 0x00007f2c5a600000, 0x00007f3002080000)
  object space 6515200K, 97% used [0x00007f2accb80000,0x00007f2c4fdbf6a8,0x00007f2c5a600000)
 PSPermGen       total 21504K, used 4770K [0x00007f2ac2580000, 0x00007f2ac3a80000, 0x00007f2accb80000)
  object space 21504K, 22% used [0x00007f2ac2580000,0x00007f2ac2a28898,0x00007f2ac3a80000)
Event: 13.489 GC heap after
Heap after GC invocations=3 (full 1):
 PSYoungGen      total 36864K, used 3829K [0x00007f3002080000, 0x00007f3004d80000, 0x00007f329cb80000)
  eden space 31744K, 0% used [0x00007f3002080000,0x00007f3002080000,0x00007f3003f80000)
  from space 5120K, 74% used [0x00007f3004480000,0x00007f300483d770,0x00007f3004980000)
  to   space 5120K, 0% used [0x00007f3003f80000,0x00007f3003f80000,0x00007f3004480000)
 ParOldGen       total 6515200K, used 6342917K [0x00007f2accb80000, 0x00007f2c5a600000, 0x00007f3002080000)
  object space 6515200K, 97% used [0x00007f2accb80000,0x00007f2c4fdc16a8,0x00007f2c5a600000)
 PSPermGen       total 21504K, used 4770K [0x00007f2ac2580000, 0x00007f2ac3a80000, 0x00007f2accb80000)
  object space 21504K, 22% used [0x00007f2ac2580000,0x00007f2ac2a28898,0x00007f2ac3a80000)
}
Event: 94.861 GC heap before
{Heap before GC invocations=4 (full 1):
 PSYoungGen      total 36864K, used 35573K [0x00007f3002080000, 0x00007f3004d80000, 0x00007f329cb80000)
  eden space 31744K, 100% used [0x00007f3002080000,0x00007f3003f80000,0x00007f3003f80000)
  from space 5120K, 74% used [0x00007f3004480000,0x00007f300483d770,0x00007f3004980000)
  to   space 5120K, 0% used [0x00007f3003f80000,0x00007f3003f80000,0x00007f3004480000)
 ParOldGen       total 10138112K, used 9965154K [0x00007f2accb80000, 0x00007f2d37800000, 0x00007f3002080000)
  object space 10138112K, 98% used [0x00007f2accb80000,0x00007f2d2cf18868,0x00007f2d37800000)
 PSPermGen       total 21504K, used 4785K [0x00007f2ac2580000, 0x00007f2ac3a80000, 0x00007f2accb80000)
  object space 21504K, 22% used [0x00007f2ac2580000,0x00007f2ac2a2c610,0x00007f2ac3a80000)
Event: 96.025 GC heap after
Heap after GC invocations=4 (full 1):
 PSYoungGen      total 36864K, used 4125K [0x00007f3002080000, 0x00007f3004980000, 0x00007f329cb80000)
  eden space 31744K, 0% used [0x00007f3002080000,0x00007f3002080000,0x00007f3003f80000)
  from space 5120K, 80% used [0x00007f3003f80000,0x00007f3004387760,0x00007f3004480000)
  to   space 5120K, 0% used [0x00007f3004480000,0x00007f3004480000,0x00007f3004980000)
 ParOldGen       total 10138112K, used 9965154K [0x00007f2accb80000, 0x00007f2d37800000, 0x00007f3002080000)
  object space 10138112K, 98% used [0x00007f2accb80000,0x00007f2d2cf18868,0x00007f2d37800000)
 PSPermGen       total 21504K, used 4785K [0x00007f2ac2580000, 0x00007f2ac3a80000, 0x00007f2accb80000)
  object space 21504K, 22% used [0x00007f2ac2580000,0x00007f2ac2a2c610,0x00007f2ac3a80000)
}
Event: 160.156 GC heap before
{Heap before GC invocations=5 (full 1):
 PSYoungGen      total 36864K, used 35869K [0x00007f3002080000, 0x00007f3004980000, 0x00007f329cb80000)
  eden space 31744K, 100% used [0x00007f3002080000,0x00007f3003f80000,0x00007f3003f80000)
  from space 5120K, 80% used [0x00007f3003f80000,0x00007f3004387760,0x00007f3004480000)
  to   space 5120K, 0% used [0x00007f3004480000,0x00007f3004480000,0x00007f3004980000)
 ParOldGen       total 13761024K, used 13587390K [0x00007f2accb80000, 0x00007f2e14a00000, 0x00007f3002080000)
  object space 13761024K, 98% used [0x00007f2accb80000,0x00007f2e0a06fa28,0x00007f2e14a00000)
 PSPermGen       total 21504K, used 4797K [0x00007f2ac2580000, 0x00007f2ac3a80000, 0x00007f2accb80000)
  object space 21504K, 22% used [0x00007f2ac2580000,0x00007f2ac2a2f540,0x00007f2ac3a80000)
Event: 170.569 GC heap after
Heap after GC invocations=5 (full 1):
 PSYoungGen      total 36864K, used 3893K [0x00007f3002080000, 0x00007f3005a00000, 0x00007f329cb80000)
  eden space 31744K, 0% used [0x00007f3002080000,0x00007f3002080000,0x00007f3003f80000)
  from space 5120K, 76% used [0x00007f3004480000,0x00007f300484d770,0x00007f3004980000)
  to   space 5120K, 0% used [0x00007f3003f80000,0x00007f3003f80000,0x00007f3004480000)
 ParOldGen       total 13761024K, used 13587390K [0x00007f2accb80000, 0x00007f2e14a00000, 0x00007f3002080000)
  object space 13761024K, 98% used [0x00007f2accb80000,0x00007f2e0a06fa28,0x00007f2e14a00000)
 PSPermGen       total 21504K, used 4797K [0x00007f2ac2580000, 0x00007f2ac3a80000, 0x00007f2accb80000)
  object space 21504K, 22% used [0x00007f2ac2580000,0x00007f2ac2a2f540,0x00007f2ac3a80000)
}

