# JRE version: OpenJDK Runtime Environment (7.0_79-b14) (build 1.7.0_79-b14)
# Java VM: OpenJDK 64-Bit Server VM (24.79-b02 mixed mode linux-amd64 compressed oops)
Heap
 PSYoungGen      total 46592K, used 31102K [0x00007fdae6500000, 0x00007fdaea880000, 0x00007fdd81000000)
  eden space 44544K, 65% used [0x00007fdae6500000,0x00007fdae8199090,0x00007fdae9080000)
  from space 2048K, 88% used [0x00007fdaea200000,0x00007fdaea3c6938,0x00007fdaea400000)
  to   space 4608K, 0% used [0x00007fdaea400000,0x00007fdaea400000,0x00007fdaea880000)
 ParOldGen       total 13759488K, used 13587176K [0x00007fd5b1000000, 0x00007fd8f8d00000, 0x00007fdae6500000)
  object space 13759488K, 98% used [0x00007fd5b1000000,0x00007fd8ee4ba2d8,0x00007fd8f8d00000)
 PSPermGen       total 21504K, used 4773K [0x00007fd5a6a00000, 0x00007fd5a7f00000, 0x00007fd5b1000000)
  object space 21504K, 22% used [0x00007fd5a6a00000,0x00007fd5a6ea9440,0x00007fd5a7f00000)
GC Heap History (8 events):
Event: 0.683 GC heap before
{Heap before GC invocations=1 (full 0):
 PSYoungGen      total 36864K, used 31744K [0x00007fdae6500000, 0x00007fdae8e00000, 0x00007fdd81000000)
  eden space 31744K, 100% used [0x00007fdae6500000,0x00007fdae8400000,0x00007fdae8400000)
  from space 5120K, 0% used [0x00007fdae8900000,0x00007fdae8900000,0x00007fdae8e00000)
  to   space 5120K, 0% used [0x00007fdae8400000,0x00007fdae8400000,0x00007fdae8900000)
 ParOldGen       total 2801152K, used 2716677K [0x00007fd5b1000000, 0x00007fd65bf80000, 0x00007fdae6500000)
  object space 2801152K, 96% used [0x00007fd5b1000000,0x00007fd656d01550,0x00007fd65bf80000)
 PSPermGen       total 21504K, used 3990K [0x00007fd5a6a00000, 0x00007fd5a7f00000, 0x00007fd5b1000000)
  object space 21504K, 18% used [0x00007fd5a6a00000,0x00007fd5a6de58f8,0x00007fd5a7f00000)
Event: 0.690 GC heap after
Heap after GC invocations=1 (full 0):
 PSYoungGen      total 36864K, used 3905K [0x00007fdae6500000, 0x00007fdaead00000, 0x00007fdd81000000)
  eden space 31744K, 0% used [0x00007fdae6500000,0x00007fdae6500000,0x00007fdae8400000)
  from space 5120K, 76% used [0x00007fdae8400000,0x00007fdae87d0740,0x00007fdae8900000)
  to   space 5120K, 0% used [0x00007fdaea800000,0x00007fdaea800000,0x00007fdaead00000)
 ParOldGen       total 2801152K, used 2716677K [0x00007fd5b1000000, 0x00007fd65bf80000, 0x00007fdae6500000)
  object space 2801152K, 96% used [0x00007fd5b1000000,0x00007fd656d01550,0x00007fd65bf80000)
 PSPermGen       total 21504K, used 3990K [0x00007fd5a6a00000, 0x00007fd5a7f00000, 0x00007fd5b1000000)
  object space 21504K, 18% used [0x00007fd5a6a00000,0x00007fd5a6de58f8,0x00007fd5a7f00000)
}
Event: 0.690 GC heap before
{Heap before GC invocations=2 (full 1):
 PSYoungGen      total 36864K, used 3905K [0x00007fdae6500000, 0x00007fdaead00000, 0x00007fdd81000000)
  eden space 31744K, 0% used [0x00007fdae6500000,0x00007fdae6500000,0x00007fdae8400000)
  from space 5120K, 76% used [0x00007fdae8400000,0x00007fdae87d0740,0x00007fdae8900000)
  to   space 5120K, 0% used [0x00007fdaea800000,0x00007fdaea800000,0x00007fdaead00000)
 ParOldGen       total 2801152K, used 2716677K [0x00007fd5b1000000, 0x00007fd65bf80000, 0x00007fdae6500000)
  object space 2801152K, 96% used [0x00007fd5b1000000,0x00007fd656d01550,0x00007fd65bf80000)
 PSPermGen       total 21504K, used 3990K [0x00007fd5a6a00000, 0x00007fd5a7f00000, 0x00007fd5b1000000)
  object space 21504K, 18% used [0x00007fd5a6a00000,0x00007fd5a6de58f8,0x00007fd5a7f00000)
Event: 0.716 GC heap after
Heap after GC invocations=2 (full 1):
 PSYoungGen      total 36864K, used 0K [0x00007fdae6500000, 0x00007fdaead00000, 0x00007fdd81000000)
  eden space 31744K, 0% used [0x00007fdae6500000,0x00007fdae6500000,0x00007fdae8400000)
  from space 5120K, 0% used [0x00007fdae8400000,0x00007fdae8400000,0x00007fdae8900000)
  to   space 5120K, 0% used [0x00007fdaea800000,0x00007fdaea800000,0x00007fdaead00000)
 ParOldGen       total 2890752K, used 2720459K [0x00007fd5b1000000, 0x00007fd661700000, 0x00007fdae6500000)
  object space 2890752K, 94% used [0x00007fd5b1000000,0x00007fd6570b2d98,0x00007fd661700000)
 PSPermGen       total 21504K, used 3989K [0x00007fd5a6a00000, 0x00007fd5a7f00000, 0x00007fd5b1000000)
  object space 21504K, 18% used [0x00007fd5a6a00000,0x00007fd5a6de5488,0x00007fd5a7f00000)
}
Event: 12.551 GC heap before
{Heap before GC invocations=3 (full 1):
 PSYoungGen      total 36864K, used 31744K [0x00007fdae6500000, 0x00007fdaead00000, 0x00007fdd81000000)
  eden space 31744K, 100% used [0x00007fdae6500000,0x00007fdae8400000,0x00007fdae8400000)
  from space 5120K, 0% used [0x00007fdae8400000,0x00007fdae8400000,0x00007fdae8900000)
  to   space 5120K, 0% used [0x00007fdaea800000,0x00007fdaea800000,0x00007fdaead00000)
 ParOldGen       total 6513664K, used 6342695K [0x00007fd5b1000000, 0x00007fd73e900000, 0x00007fdae6500000)
  object space 6513664K, 97% used [0x00007fd5b1000000,0x00007fd734209f58,0x00007fd73e900000)
 PSPermGen       total 21504K, used 4734K [0x00007fd5a6a00000, 0x00007fd5a7f00000, 0x00007fd5b1000000)
  object space 21504K, 22% used [0x00007fd5a6a00000,0x00007fd5a6e9f9f8,0x00007fd5a7f00000)
Event: 12.561 GC heap after
Heap after GC invocations=3 (full 1):
 PSYoungGen      total 40448K, used 3925K [0x00007fdae6500000, 0x00007fdaeac00000, 0x00007fdd81000000)
  eden space 36352K, 0% used [0x00007fdae6500000,0x00007fdae6500000,0x00007fdae8880000)
  from space 4096K, 95% used [0x00007fdaea800000,0x00007fdaeabd5750,0x00007fdaeac00000)
  to   space 5120K, 0% used [0x00007fdaea200000,0x00007fdaea200000,0x00007fdaea700000)
 ParOldGen       total 6513664K, used 6342695K [0x00007fd5b1000000, 0x00007fd73e900000, 0x00007fdae6500000)
  object space 6513664K, 97% used [0x00007fd5b1000000,0x00007fd734209f58,0x00007fd73e900000)
 PSPermGen       total 21504K, used 4734K [0x00007fd5a6a00000, 0x00007fd5a7f00000, 0x00007fd5b1000000)
  object space 21504K, 22% used [0x00007fd5a6a00000,0x00007fd5a6e9f9f8,0x00007fd5a7f00000)
}
Event: 121.770 GC heap before
{Heap before GC invocations=4 (full 1):
 PSYoungGen      total 40448K, used 39033K [0x00007fdae6500000, 0x00007fdaeac00000, 0x00007fdd81000000)
  eden space 36352K, 96% used [0x00007fdae6500000,0x00007fdae8748ce8,0x00007fdae8880000)
  from space 4096K, 95% used [0x00007fdaea800000,0x00007fdaeabd5750,0x00007fdaeac00000)
  to   space 5120K, 0% used [0x00007fdaea200000,0x00007fdaea200000,0x00007fdaea700000)
 ParOldGen       total 11948032K, used 11776050K [0x00007fd5b1000000, 0x00007fd88a400000, 0x00007fdae6500000)
  object space 11948032K, 98% used [0x00007fd5b1000000,0x00007fd87fc0c9f8,0x00007fd88a400000)
 PSPermGen       total 21504K, used 4770K [0x00007fd5a6a00000, 0x00007fd5a7f00000, 0x00007fd5b1000000)
  object space 21504K, 22% used [0x00007fd5a6a00000,0x00007fd5a6ea8918,0x00007fd5a7f00000)
Event: 123.992 GC heap after
Heap after GC invocations=4 (full 1):
 PSYoungGen      total 46592K, used 1818K [0x00007fdae6500000, 0x00007fdaea880000, 0x00007fdd81000000)
  eden space 44544K, 0% used [0x00007fdae6500000,0x00007fdae6500000,0x00007fdae9080000)
  from space 2048K, 88% used [0x00007fdaea200000,0x00007fdaea3c6938,0x00007fdaea400000)
  to   space 4608K, 0% used [0x00007fdaea400000,0x00007fdaea400000,0x00007fdaea880000)
 ParOldGen       total 11948032K, used 11776058K [0x00007fd5b1000000, 0x00007fd88a400000, 0x00007fdae6500000)
  object space 11948032K, 98% used [0x00007fd5b1000000,0x00007fd87fc0e9f8,0x00007fd88a400000)
 PSPermGen       total 21504K, used 4770K [0x00007fd5a6a00000, 0x00007fd5a7f00000, 0x00007fd5b1000000)
  object space 21504K, 22% used [0x00007fd5a6a00000,0x00007fd5a6ea8918,0x00007fd5a7f00000)
}

